make.exe all --print-data-base --no-builtin-variables --no-builtin-rules --question
# GNU Make 3.81
# Copyright (C) 2006  Free Software Foundation, Inc.
# This is free software; see the source for copying conditions.
# There is NO warranty; not even for MERCHANTABILITY or FITNESS FOR A
# PARTICULAR PURPOSE.

# This program built for i386-pc-mingw32
 

# Make data base, printed on Tue Aug 09 11:53:08 2022

# Variables

# automatic
<D = $(patsubst %/,%,$(dir $<))
# automatic
?F = $(notdir $?)
# makefile (from `makefile', line 139)
LDSCRIPT = STM32F411CEUx_FLASH.ld
# makefile
MAKEFLAGS = Rrqp
# makefile (from `makefile', line 16)
TARGET = helloblackpillSTM32F411CEUx
# automatic
?D = $(patsubst %/,%,$(dir $?))
# makefile (from `makefile', line 101)
AS_DEFS = 
# makefile (from `makefile', line 110)
AS_INCLUDES = 
# automatic
@D = $(patsubst %/,%,$(dir $@))
# 
 environment
HOMEDRIVE = C:
# automatic
@F = $(notdir $@)
# automatic
^D = $(patsubst %/,%,$(dir $^))
# makefile
CURDIR := c:/bluepill/hellobluepill2022/helloblackpillSTM32F411CEUxteste/helloblackpillSTM32F411CEUx
# default
SHELL := sh.exe
# makefile (from `makefile', line 82)
BIN = $(CP) -O binary -S
# environment
WINDIR = C:\Windows
# environment
VSCODE_NLS_CONFIG = {"locale":"pt-br","availableLanguages":{},"_languagePackSupport":true}
# makefile (from `makefile', line 79)
SZ = $(PREFIX)size
# environment
VBOX_MSI_INSTALL_PATH = C:\Program Files\Oracle\VirtualBox\
# makefile (from `makefile', line 132)
CFLAGS = $(MCU) $(C_DEFS) $(C_INCLUDES) $(OPT) -Wall -fdata-sections -ffunction-sections -g -gdwarf-2 -MMD -MP -MF"$(@:%.o=%.d)"
# environment
ONEDRIVE = D:\Documentos\OneDrive - utfpr.edu.br
# environment
MOSQUITTO_DIR = C:\Program Files\mosquitto
# environment
PATHEXT = .COM;.EXE;.BAT;.CMD;.VBS;.VBE;.JS;.JSE;.WSF;.WSH;.MSC;.PY;.PYW
# makefile (from `makefile', line 1)
MAKEFILE_LIST :=  makefile
# environment
FPS_BROWSER_USER_PROFILE_STRING = Default
# makefile (from `makefile', line 78)
CP = $(PREFIX)objcopy
# makefile (from `makefile', line 23)
DEBUG = 1
# environment
TMP = C:\Users\Ohara\AppData\Local\Temp
# makefile (from `makefile', line 77)
AS = $(PREFIX)gcc -x assembler-with-cpp
# environment
PROGRAMW6432 = C:\Program Files
# environment
PROGRAMDATA = C:\ProgramData
# environment
SNG_SERVICE = C:\Program Files\Intelbras\SIMNext\Local Recording Service\SIMNext.LocalRecording.exe
# environment
VSCODE_CWD  
= C:\Users\Ohara\AppData\Local\Programs\Microsoft VS Code
# environment
PATH = C:\Python310\Scripts\;C:\Python310\;C:\Program Files (x86)\Common Files\Oracle\Java\javapath;C:\Windows\system32;C:\Windows;C:\Windows\System32\Wbem;C:\Windows\System32\WindowsPowerShell\v1.0\;C:\Windows\System32\OpenSSH\;C:\Program Files\MiKTeX\miktex\bin\x64\;C:\Program Files\MATLAB\R2021a\runtime\win64;C:\Program Files\MATLAB\R2021a\bin;C:\Program Files\Git\cmd;C:\Program Files\TortoiseGit\bin;C:\Program Files\nodejs\;C:\ProgramData\chocolatey\bin;C:\Users\Ohara\AppData\Local\Microsoft\WindowsApps;C:\arm-gcc\tools\gcc-arm-none-eabi-10-2020-q4-major\bin;C:\arm-gcc\tools\openocd-20200729\OpenOCD-20200729-0.10.0\bin;C:\arm-gcc\tools\make-3.81-bin\bin;C:\Users\Ohara\AppData\Local\Programs\Microsoft VS Code\bin;C:\arm-gcc\tools\stlink-1.6.1-i686-w64-mingw32\bin;C:\Program Files\mosquitto;C:\Users\Ohara\AppData\Roaming\npm
# environment
COMMONPROGRAMW6432 = C:\Program Files\Common Files
# environment
ZES_ENABLE_SYSMAN = 1
# environment
CHOCOLATEYLASTPATHUPDATE = 132943509505998870
# environment
PROCESSOR_ARCHITECTURE = x86
# environment
USERPROFILE = C:\Users\Ohara
# environment
CHOCOLATEYINSTALL = C:\ProgramData\chocolatey
# environment
ALLUSERSPROFILE = C:\ProgramData
# environment
NUMBER_OF_PROCESSORS = 6
# environment
ELECTRON_RUN_AS_NODE = 1
# makefile (from `makefile', line 144)
LDFLAGS = $(MCU) -specs=nano.specs -T$(LDSCRIPT) $(LIBDIR) $(LIBS) -Wl,-Map=$(BUILD_DIR)/$(TARGET).map,--cref -Wl,--gc-sections
# default
.FEATURES := tar 
get-specific order-only second-expansion else-if archives
# automatic
%F = $(notdir $%)
# environment
CHROME_CRASHPAD_PIPE_NAME = \\.\pipe\crashpad_13492_PHKXLPJCBVHZVYSI
# makefile (from `makefile', line 60)
ASM_SOURCES = startup_stm32f411xe.s
# makefile (from `makefile', line 25)
OPT = -Og
# environment
COMPUTERNAME = DESKTOP-OQBN5SJ
# environment
PROGRAMFILES = C:\Program Files (x86)
# environment
DRIVERDATA = C:\Windows\System32\Drivers\DriverData
# environment
ORIGINAL_XDG_CURRENT_DESKTOP = undefined
# environment
USERNAME = Ohara
# environment
PUBLIC = C:\Users\Public
# environment
VSCODE_AMD_ENTRYPOINT = vs/workbench/api/node/extensionHostProcess
# environment
VSCODE_CODE_CACHE_PATH = C:\Users\Ohara\AppData\Roaming\Code\CachedData\3b889b090b5ad5793f524b5d1d39fda662b96a2a
# environment
APPLICATION_INSIGHTS_NO_DIAGNOSTIC_CHANNEL = 1
# environment
COMMONPROGRAMFILES = C:\Program Files (x86)\Common Files
# environment
LOGONSERVER = \\DESKTOP-OQBN5SJ
# makefile (from `makefile', line 67)
PREFIX = arm-none-e 
abi-
# environment
VSCODE_HANDLES_UNCAUGHT_ERRORS = true
# environment
USERDOMAIN = DESKTOP-OQBN5SJ
# makefile (from `makefile', line 104)
C_DEFS = -DUSE_HAL_DRIVER -DSTM32F411xE
# makefile (from `makefile', line 97)
MCU = $(CPU) -mthumb $(FPU) $(FLOAT-ABI)
# makefile (from `makefile', line 113)
C_INCLUDES = -ICore/Inc -IDrivers/STM32F4xx_HAL_Driver/Inc -IDrivers/STM32F4xx_HAL_Driver/Inc/Legacy -IDrivers/CMSIS/Device/ST/STM32F4xx/Include -IDrivers/CMSIS/Include
# default
MAKE = $(MAKE_COMMAND)
# default
MAK 
ECMDGOALS := all
# makefile (from `makefile', line 94)
FLOAT-ABI = -mfloat-abi=hard
# makefile (from `makefile', line 81)
HEX = $(CP) -O ihex
# makefile (from `makefile', line 76)
CC = $(PREFIX)gcc
# makefile (from `makefile', line 32)
BUILD_DIR = build
# environment
ONEDRIVECOMMERCIAL = D:\Documentos\OneDrive - utfpr.edu.br
# makefile (from `makefile', line 122)
ASFLAGS = $(MCU) $(AS_DEFS) $(AS_INCLUDES) $(OPT) -Wall -fdata-sections -ffunction-sections
# default
MAKE_VERSION := 3.81
# makefile
.DEFAULT_GOAL := all
# environment
PROGRAMFILES(X86) = C:\Program Files (x86)
# automatic
%D = $(patsubst %/,%,$(dir $%))
# makefile (from `makefile', line 88)
CPU = -mcpu=cortex-m4
# makefile (from `makefile', line 91)
FPU = -mfpu=fpv4-sp-d16
# environment
LOCALAPPDATA = C:\Users\Ohara\AppData\Local
# environment
PSMODULEPATH = C:\Program Files\WindowsPowerShell\Modules;C:\Windows\system32\WindowsPowerShell\v1.0\Modules
# default
MAKE_COMMAND := make.exe
# environment
PROCESSOR_ARCHITEW6432 = AMD64
# makefile (from `m 
akefile', line 143)
LIBDIR = 
# default
.VARIABLES := 
# automatic
*F = $(notdir $*)
# environment
PROCESSOR_IDENTIFIER = Intel64 Family 6 Model 158 Stepping 13, GenuineIntel
# environment
OS = Windows_NT
# environment
VSCODE_IPC_HOOK = \\.\pipe\5784e4be25807437d16f9eaa0eba8d77-1.69.2-main-sock
# environment
HOMEPATH = \Users\Ohara
# environment
COMMONPROGRAMFILES(X86) = C:\Program Files (x86)\Common Files
# environment
PROMPT = $P$G
# environment
MFLAGS = -Rrqp
# automatic
*D = $(patsubst %/,%,$(dir $*))
# 
 environment
SYSTEMROOT = C:\Windows
# automatic
+D = $(patsubst %/,%,$(dir $+))
# automatic
+F = $(notdir $+)
# environment
APPDATA = C:\Users\Ohara\AppData\Roaming
# environment
__COMPAT_LAYER = DetectorsAppHealth
# environment
TEMP = C:\Users\Ohara\AppData\Local\Temp
# environment
COMSPEC = C:\Windows\system32\cmd.exe
# default
MAKEFILES := 
# automatic
<F = $(notdir $<)
# environment
LC_ALL = C
# makefile (from `makefile', line 142)
LIBS = -lc -lm -lnosys 
# automatic
^F = $(notdir $^)
# makefile (from `makefile', line 38)
C_SOURCES = Core/Src/main.c Core/Src/stm32f4xx_it.c Core/Src/stm32f4xx_hal_msp.c Drivers/STM32F4xx_HAL_Driver/Src/stm32f4xx_hal_tim.c Drivers/STM32F4xx_HAL_Driver/Src/stm32f4xx_hal_tim_ex.c Drivers/STM32F4xx_HAL_Driver/Src/stm32f4xx_hal_rcc.c Drivers/STM32F4xx_HAL_Driver/Src/stm32f4xx_hal_rcc_ex.c Drivers/STM32F4xx_HAL_Driver/Src/stm32f4xx_hal_flash.c Drivers/STM32F4xx_HAL_Driver/Src/stm32f4xx_hal_flash_ex.c Drivers/STM32F4xx_HAL_Driver/Src/stm32f4xx_hal_flash_ramfunc.c Drivers/STM32F4xx_HAL_Driver/Src/stm32f4xx_hal_gpio.c Drivers/STM32F4xx_HAL_Driver/Src/stm32f4xx_hal_dma_ex.c Drivers/STM32F4xx_HAL_Driver/Src/stm32f4xx_hal_dma.c Drivers/STM32F4xx_HAL_Driver/Src/stm32f4xx_hal_pwr.c Drivers/STM32F4xx_HAL_Driver/Src/stm32f4xx_hal_pwr_ex.c Drivers/STM32F4xx_HAL_Driver/Src/stm32f4xx_hal_cortex.c Drivers/STM32F4xx_HAL_Driver/Src/stm32f4xx_hal.c Drivers/STM32F4xx_HAL_Driver/Src/stm32f4xx_hal_exti.c Core/Src/system_stm32f4xx.c
# default
SUFFIXES := 
# environment
SYSTEMDRIVE = C:
# environment
SESSIONNAME = Console
# environment
PROCESSOR_REVISION = 9e0d
# environment
MAKELEVEL := 0
# makefile (from `makefile', line 157)
OBJECTS = $(addprefix $(BUILD_DIR)/,$(notdir $(C_SOURCES:.c=.o))) $(addprefix $(BUILD_DIR)/,$(notdir $(ASM_SOURCES:.s=.o)))
# environment
LANG = C
# environment
PROCESSOR_LEVEL = 6
# environment
FPS_BROWSER_APP_PROFILE_STRING = Internet Explorer
# environment
VSCODE_PID = 13492
# environment
USERDOMAIN_ROAMINGPROFILE = DESKTOP-OQBN5SJ
# variable set hash-table stats:
# Load=119/10 
24=12%, Rehash=0, Collisions=11/176=6%

# Pattern-specific Variable Values

# No pattern-specific variable values.

# Directories

# C:\Windows\System32\WindowsPowerShell\v1.0\ (key C:/Windows/System32/WindowsPowerShell/v1.0/, mtime 1604495803): 29 files, no impossibilities.
# C:\Windows\System32\Wbem (key C:/Windows/System32/Wbem, mtime 1657380687): 170 files, no impossibilities.
# . (key c:/bluepill/hellobluepill2022/helloblackpillSTM32F411CEUxteste/helloblackpillSTM32F411CEUx, mtime 1660056776): 12 files 
, no impossibilities.
# Core/Src (key c:/bluepill/hellobluepill2022/helloblackpillSTM32F411CEUxteste/helloblackpillSTM32F411CEUx/Core/Src, mtime 1660056771): 3 files, no impossibilities so far.
# C:\arm-gcc\tools\stlink-1.6.1-i686-w64-mingw32\bin (key C:/arm-gcc/tools/stlink-1.6.1-i686-w64-mingw32/bin, mtime 1613504909): 5 files, no impossibilities.
# C:\Users\Ohara\AppData\Local\Programs\Microsoft VS Code\bin (key C:/Users/Ohara/AppData/Local/Programs/Microsoft VS Code/bin, mtime 1659460845): 4 files, no impossibilities.
# C:\Program Files\MATLAB\R2021a\bin (key C:/Program Files/MATLAB/R2021a/bin, mtime 1620680727): 20 files, no impossibilities.
# C:\arm-gcc\tools\gcc-arm-none-eabi-10-2020-q4-major\bin (key C:/arm-gcc/tools/gcc-arm-none-eabi-10-2020-q4-major/bin, mtime 1612373871): 35 files, no impossibilities.
# C:\ProgramData\chocolatey\bin (key C:/ProgramData/chocolatey/bin, mtime 1649877350): 11 files, no impossibilities.
# C:\Program Files\nodejs\ (key C:/Program Files/nodejs/, mtime 1649877281): 13 fil 
es, no impossibilities.
# C:\Python310\ (key C:/Python310/, mtime 1649877438): 18 files, no impossibilities.
# C:\Users\Ohara\AppData\Roaming\npm (key C:/Users/Ohara/AppData/Roaming/npm, mtime 1649877940): 9 files, no impossibilities.
# C:\Python310\Scripts\ (key C:/Python310/Scripts/, mtime 1649877438): 5 files, no impossibilities.
# C:\Program Files\TortoiseGit\bin (key C:/Program Files/TortoiseGit/bin, mtime 1646676293): 99 files, no impossibilities.
# build: could not be stat'd.
# C:\Windows\System32\Op 
enSSH\: could not be stat'd.
# C:\Program Files (x86)\Common Files\Oracle\Java\javapath (key C:/Program Files (x86)/Common Files/Oracle/Java/javapath, mtime 1644511845): 5 files, no impossibilities.
# C:\Windows (key C:/Windows, mtime 1659627416): 120 files, no impossibilities.
# C:\Users\Ohara\AppData\Local\Microsoft\WindowsApps (key C:/Users/Ohara/AppData/Local/Microsoft/WindowsApps, mtime 1659628047): 28 files, no impossibilities.
# C:\Program Files\MATLAB\R2021a\runtime\win64 (key C:/Program Files/MATLA 
B/R2021a/runtime/win64, mtime 1620680606): 10 files, no impossibilities.
# C:\Program Files\MiKTeX\miktex\bin\x64\ (key C:/Program Files/MiKTeX/miktex/bin/x64/, mtime 1604463317): 669 files, no impossibilities.
# C:\arm-gcc\tools\make-3.81-bin\bin (key C:/arm-gcc/tools/make-3.81-bin/bin, mtime 1612373904): 5 files, no impossibilities.
# C:\Program Files\Git\cmd (key C:/Program Files/Git/cmd, mtime 1623811831): 8 files, no impossibilities.
# C:\Windows\system32 (key C:/Windows/system32, mtime 1659968939): 29 
50 files, no impossibilities.
# C:\arm-gcc\tools\openocd-20200729\OpenOCD-20200729-0.10.0\bin (key C:/arm-gcc/tools/openocd-20200729/OpenOCD-20200729-0.10.0/bin, mtime 1612373906): 6 files, no impossibilities.
# C:\Program Files\mosquitto (key C:/Program Files/mosquitto, mtime 1648062100): 25 files, no impossibilities.
# Drivers/STM32F4xx_HAL_Driver/Src (key c:/bluepill/hellobluepill2022/helloblackpillSTM32F411CEUxteste/helloblackpillSTM32F411CEUx/Drivers/STM32F4xx_HAL_Driver/Src, mtime 1660056772): No file 
s, no impossibilities so far.

# 4259 files, no impossibilities in 27 directories.

# Implicit Rules

build/%.o: %.c Makefile | build
#  commands to execute (from `makefile', line 161):
	$(CC) -c $(CFLAGS) -Wa,-a,-ad,-alms=$(BUILD_DIR)/$(notdir $(<:.c=.lst)) $< -o $@
	

build/%.o: %.s Makefile | build
#  commands to execute (from `makefile', line 164):
	$(AS) -c $(CFLAGS) $< -o $@
	

build/%.hex: build/%.elf | build
#  commands to execute (from `makefile', line 171):
	$(HEX) $< $@
	

build/%.bin: build/%.el 
f | build
#  commands to execute (from `makefile', line 174):
	$(BIN) $< $@	
	

# 4 implicit rules, 0 (0,0%) terminal.

# Files

# Not a target:
build/stm32f4xx_hal_pwr_ex.o:
#  Implicit rule search has not been done.
#  Modification time never checked.
#  File has not been updated.

build/main.o: Core/Src/main.c makefile | build
#  Implicit rule search has been done.
#  Implicit/static pattern stem: `main'
#  File does not exist.
#  File has been updated.
#  Needs to be updated (-q is set).
# variable set  
hash-table stats:
# Load=0/32=0%, Rehash=0, Collisions=0/2=0%
#  commands to execute (from `makefile', line 161):
	$(CC) -c $(CFLAGS) -Wa,-a,-ad,-alms=$(BUILD_DIR)/$(notdir $(<:.c=.lst)) $< -o $@
	

# Not a target:
build/stm32f4xx_hal_cortex.o:
#  Implicit rule search has not been done.
#  Modification time never checked.
#  File has not been updated.

all: build/helloblackpillSTM32F411CEUx.elf build/helloblackpillSTM32F411CEUx.hex build/helloblackpillSTM32F411CEUx.bin
#  Command-line target.
#  Implicit ru 
le search has been done.
#  File does not exist.
#  File has been updated.
#  Needs to be updated (-q is set).
# variable set hash-table stats:
# Load=0/32=0%, Rehash=0, Collisions=0/2=0%

# Not a target:
build/stm32f4xx_hal_flash_ex.o:
#  Implicit rule search has not been done.
#  Modification time never checked.
#  File has not been updated.

# Not a target:
build/startup_stm32f411xe.o:
#  Implicit rule search has not been done.
#  Modification time never checked.
#  File has not been updated.

# Not a target:
build/stm32f4xx_hal_dma_ex.o:
#  Implicit rule search has not been done.
#  Modification time never checked.
#  File has not been updated.

# Not a target:
.DEFAULT:
#  Implicit rule search has not been done.
#  Modification time never checked.
#  File has not been updated.

# Not a target:
build/stm32f4xx_hal_msp.o:
#  Implicit rule search has not been done.
#  Modification time never checked.
#  File has not been updated.

# Not a target:
build/stm32f4xx_hal_gpio.o:
#  Implicit rule search has not b 
een done.
#  Modification time never checked.
#  File has not been updated.

# Not a target:
build/stm32f4xx_hal.o:
#  Implicit rule search has not been done.
#  Modification time never checked.
#  File has not been updated.

# Not a target:
build/stm32f4xx_hal_rcc.o:
#  Implicit rule search has not been done.
#  Modification time never checked.
#  File has not been updated.

# Not a target:
build/stm32f4xx_hal_exti.o:
#  Implicit rule search has not been done.
#  Modification time never checked.
#  File ha 
s not been updated.

# Not a target:
makefile:
#  Implicit rule search has been done.
#  Last modified 2022-08-09 11:52:55
#  File has been updated.
#  Successfully updated.
# variable set hash-table stats:
# Load=0/32=0%, Rehash=0, Collisions=0/0=0%

build:
#  Implicit rule search has not been done.
#  Implicit/static pattern stem: `'
#  File does not exist.
#  File has been updated.
#  Needs to be updated (-q is set).
# automatic
# @ := build
# automatic
# % := 
# automatic
# * := 
# automatic
# + := 
# a 
utomatic
# | := 
# automatic
# < := 
# automatic
# ^ := 
# automatic
# ? := 
# variable set hash-table stats:
# Load=8/32=25%, Rehash=0, Collisions=1/11=9%
#  commands to execute (from `makefile', line 177):
	mkdir $@		
	

# Not a target:
build/stm32f4xx_hal_flash_ramfunc.o:
#  Implicit rule search has not been done.
#  Modification time never checked.
#  File has not been updated.

# Not a target:
build/helloblackpillSTM32F411CEUx.hex:
#  Implicit rule search has not been done.
#  Modification time never c 
hecked.
#  File has not been updated.

# Not a target:
build/stm32f4xx_it.o:
#  Implicit rule search has not been done.
#  Modification time never checked.
#  File has not been updated.

# Not a target:
build/stm32f4xx_hal_rcc_ex.o:
#  Implicit rule search has not been done.
#  Modification time never checked.
#  File has not been updated.

build/helloblackpillSTM32F411CEUx.elf: build/main.o build/stm32f4xx_it.o build/stm32f4xx_hal_msp.o build/stm32f4xx_hal_tim.o build/stm32f4xx_hal_tim_ex.o build/stm32f4xx_hal_rcc.o build/stm32f4xx_hal_rcc_ex.o build/stm32f4xx_hal_flash.o build/stm32f4xx_hal_flash_ex.o build/stm32f4xx_hal_flash_ramfunc.o build/stm32f4xx_hal_gpio.o build/stm32f4xx_hal_dma_ex.o build/stm32f4xx_hal_dma.o build/stm32f4xx_hal_pwr.o build/stm32f4xx_hal_pwr_ex.o build/stm32f4xx_hal_cortex.o build/stm32f4xx_hal.o build/stm32f4xx_hal_exti.o build/system_stm32f4xx.o build/startup_stm32f411xe.o makefile
#  Implicit rule search has not been done.
#  File does not exist.
#  File has been updated.
#  Need 
s to be updated (-q is set).
# variable set hash-table stats:
# Load=0/32=0%, Rehash=0, Collisions=0/2=0%
#  commands to execute (from `makefile', line 167):
	$(CC) $(OBJECTS) $(LDFLAGS) -o $@
	$(SZ) $@
	

# Not a target:
build/system_stm32f4xx.o:
#  Implicit rule search has not been done.
#  Modification time never checked.
#  File has not been updated.

# Not a target:
.SUFFIXES:
#  Implicit rule search has not been done.
#  Modification time never checked.
#  File has not been updated.

# Not a target:
build/helloblackpillSTM32F411CEUx.bin:
#  Implicit rule search has not been done.
#  Modification time never checked.
#  File has not been updated.

clean:
#  Implicit rule search has not been done.
#  Modification time never checked.
#  File has not been updated.
#  commands to execute (from `makefile', line 183):
	rd /s /q $(BUILD_DIR)
	

# Not a target:
build/stm32f4xx_hal_tim.o:
#  Implicit rule search has not been done.
#  Modification time never checked.
#  File has not been updated.

# Not a target:
b 
uild/stm32f4xx_hal_pwr.o:
#  Implicit rule search has not been done.
#  Modification time never checked.
#  File has not been updated.

# Not a target:
Core/Src/main.c:
#  Implicit rule search has been done.
#  Last modified 2022-08-09 11:52:51
#  File has been updated.
#  Successfully updated.
# variable set hash-table stats:
# Load=0/32=0%, Rehash=0, Collisions=0/0=0%

# Not a target:
build/stm32f4xx_hal_flash.o:
#  Implicit rule search has not been done.
#  Modification time never checked.
#  File has no 
t been updated.

# Not a target:
build/stm32f4xx_hal_dma.o:
#  Implicit rule search has not been done.
#  Modification time never checked.
#  File has not been updated.

# Not a target:
build/stm32f4xx_hal_tim_ex.o:
#  Implicit rule search has not been done.
#  Modification time never checked.
#  File has not been updated.

# files hash-table stats:
# Load=30/1024=3%, Rehash=0, Collisions=6/80=8%
# VPATH Search Paths

vpath %.c Core/Src;Drivers/STM32F4xx_HAL_Driver/Src

# 1 `vpath' search paths.

# No gener 
al (`VPATH' variable) search path.

# # of strings in strcache: 1
# # of strcache buffers: 1
# strcache size: total = 4096 / max = 4096 / min = 4096 / avg = 4096
# strcache free: total = 4087 / max = 4087 / min = 4087 / avg = 4087

# Finished Make data base on Tue Aug 09 11:53:08 2022

 
